[debug] > Exec(early(addDefaultCommands), None, None)
[debug] > Exec(addDefaultCommands, None, None)
[debug] > Exec(early(initialize), None, None)
[debug] > Exec(initialize, None, None)
[debug] > Exec(early(addPluginSbtFile="""C:\Users\wwwbl\AppData\Local\Temp\idea.sbt"""), None, None)
[debug] > Exec(addPluginSbtFile="""C:\Users\wwwbl\AppData\Local\Temp\idea.sbt""", None, None)
[debug] > Exec(boot, None, None)
[debug] > Exec(writeSbtVersion, None, None)
[debug] > Exec(reload, None, None)
[debug] > Exec(sbtStashOnFailure, None, None)
[debug] > Exec(onFailure loadFailed, None, None)
[debug] > Exec(loadp, None, None)
[info] welcome to sbt 1.4.3 (Oracle Corporation Java 1.8.0_161)
[debug]       Load.loadUnit: plugins took 143.077ms
[debug]       Load.loadUnit: defsScala took 0.3118ms
[debug] [Loading] Scanning directory C:\Users\wwwbl\.sbt\1.0\plugins
[debug] [Loading] Found non-root projects 
[debug] [Loading] Done in C:\Users\wwwbl\.sbt\1.0\plugins, returning: ()
[debug] deducing auto plugins based on known facts Set(Atom(sbt.plugins.CorePlugin)) and clauses Clauses(List(Clause(Atom(sbt.plugins.JvmPlugin),Set(Atom(sbt.plugins.IvyPlugin))), Clause(Atom(sbt.ScriptedPlugin),Set(Atom(sbt.plugins.JvmPlugin))), Clause(Atom(sbt.plugins.SbtPlugin),Set(Atom(sbt.ScriptedPlugin))), Clause(Atom(sbt.plugins.SemanticdbPlugin),Set(Atom(sbt.plugins.JvmPlugin))), Clause(Atom(sbt.plugins.JUnitXmlReportPlugin),Set(Atom(sbt.plugins.JvmPlugin))), Clause(Atom(sbt.plugins.MiniDependencyTreePlugin),Set(Atom(sbt.plugins.JvmPlugin))), Clause(Atom(sbt.plugins.CorePlugin),Set(Atom(sbt.plugins.IvyPlugin))), Clause(Atom(sbt.plugins.IvyPlugin),Set(Atom(sbt.plugins.JvmPlugin))), Clause(Atom(sbt.plugins.JvmPlugin),Set(Atom(sbt.plugins.SemanticdbPlugin))), Clause(Atom(sbt.plugins.JvmPlugin),Set(Atom(sbt.plugins.JUnitXmlReportPlugin))), Clause(Atom(sbt.plugins.CorePlugin),Set(Atom(sbt.plugins.Giter8TemplatePlugin))), Clause(Atom(sbt.plugins.JvmPlugin),Set(Atom(sbt.plugins.MiniDependencyTreePlugin)))))
[debug]   :: deduced result: Matched(sbt.plugins.CorePlugin,sbt.plugins.Giter8TemplatePlugin,sbt.plugins.IvyPlugin,sbt.plugins.JvmPlugin,sbt.plugins.MiniDependencyTreePlugin,sbt.plugins.JUnitXmlReportPlugin,sbt.plugins.SemanticdbPlugin)
[debug] Plugins.deducer#function took 21.0602 ms
[debug]           Load.resolveProject(global-plugins) took 57.3646ms
[debug]         Load.loadTransitive: finalizeProject(Project(id global-plugins, base: C:\Users\wwwbl\.sbt\1.0\plugins, plugins: List(<none>))) took 102.5689ms
[debug] [Loading] Done in C:\Users\wwwbl\.sbt\1.0\plugins, returning: (global-plugins)
[debug]       Load.loadUnit: loadedProjectsRaw took 128.9267ms
[debug]       Load.loadUnit: cleanEvalClasses took 0.3425ms
[debug]     Load.loadUnit(file:/C:/Users/wwwbl/.sbt/1.0/plugins/, ...) took 280.4832ms
[debug]   Load.apply: load took 545.9054ms
[debug]   Load.apply: resolveProjects took 5.2453ms
[debug]   Load.apply: finalTransforms took 76.3981ms
[debug]   Load.apply: config.delegates took 7.9247ms
[debug]   Load.apply: Def.make(settings)... took 1938.5334ms
[debug]   Load.apply: structureIndex took 229.7129ms
[debug]   Load.apply: mkStreams took 2.4861ms
[info] loading global plugins from C:\Users\wwwbl\.sbt\1.0\plugins
[debug] Running task... Cancel: Signal, check cycles: false, forcegc: true
[debug] Load.defaultLoad until apply took 13776.964ms
[debug]           Load.loadUnit: plugins took 28.9739ms
[debug]           Load.loadUnit: defsScala took 0.0027ms
[debug] [Loading] Scanning directory C:\Users\wwwbl\Desktop\TimeoutAT\project
[debug]             Load.loadUnit: mkEval took 43.8152ms
[debug] [Loading] Found non-root projects 
[debug] [Loading] Done in C:\Users\wwwbl\Desktop\TimeoutAT\project, returning: ()
[debug] deducing auto plugins based on known facts Set(Atom(sbt.plugins.CorePlugin)) and clauses Clauses(List(Clause(Atom(sbt.plugins.JvmPlugin),Set(Atom(sbt.plugins.IvyPlugin))), Clause(Atom(sbt.ScriptedPlugin),Set(Atom(sbt.plugins.JvmPlugin))), Clause(Atom(sbt.plugins.SbtPlugin),Set(Atom(sbt.ScriptedPlugin))), Clause(Atom(sbt.plugins.SemanticdbPlugin),Set(Atom(sbt.plugins.JvmPlugin))), Clause(Atom(sbt.plugins.JUnitXmlReportPlugin),Set(Atom(sbt.plugins.JvmPlugin))), Clause(Atom(sbt.plugins.MiniDependencyTreePlugin),Set(Atom(sbt.plugins.JvmPlugin))), Clause(Atom(sbt.plugins.CorePlugin),Set(Atom(sbt.plugins.IvyPlugin))), Clause(Atom(sbt.plugins.IvyPlugin),Set(Atom(sbt.plugins.JvmPlugin))), Clause(Atom(sbt.plugins.JvmPlugin),Set(Atom(sbt.plugins.SemanticdbPlugin))), Clause(Atom(sbt.plugins.JvmPlugin),Set(Atom(sbt.plugins.JUnitXmlReportPlugin))), Clause(Atom(sbt.plugins.CorePlugin),Set(Atom(sbt.plugins.Giter8TemplatePlugin))), Clause(Atom(sbt.plugins.JvmPlugin),Set(Atom(sbt.plugins.MiniDependencyTreePlugin)))))
[debug]   :: deduced result: Matched(sbt.plugins.CorePlugin,sbt.plugins.Giter8TemplatePlugin,sbt.plugins.IvyPlugin,sbt.plugins.JvmPlugin,sbt.plugins.MiniDependencyTreePlugin,sbt.plugins.JUnitXmlReportPlugin,sbt.plugins.SemanticdbPlugin)
[debug] Plugins.deducer#function took 7.9391 ms
[info] loading settings for project timeoutat-build from idea.sbt ...
[debug]               Load.resolveProject(timeoutat-build) took 6.1418ms
[debug]             Load.loadTransitive: finalizeProject(Project(id timeoutat-build, base: C:\Users\wwwbl\Desktop\TimeoutAT\project, plugins: List(<none>))) took 15.0479ms
[debug] [Loading] Done in C:\Users\wwwbl\Desktop\TimeoutAT\project, returning: (timeoutat-build)
[debug]           Load.loadUnit: loadedProjectsRaw took 3953.9647ms
[debug]           Load.loadUnit: cleanEvalClasses took 16.4891ms
[debug]         Load.loadUnit(file:/C:/Users/wwwbl/Desktop/TimeoutAT/project/, ...) took 4000.2835ms
[debug]       Load.apply: load took 4001.6685ms
[debug]       Load.apply: resolveProjects took 0.0937ms
[debug]       Load.apply: finalTransforms took 20.3577ms
[debug]       Load.apply: config.delegates took 0.2352ms
[debug]       Load.apply: Def.make(settings)... took 152.2624ms
[debug]       Load.apply: structureIndex took 41.1791ms
[debug]       Load.apply: mkStreams took 0.0026ms
[info] loading project definition from C:\Users\wwwbl\Desktop\TimeoutAT\project
[debug] Running task... Cancel: Signal, check cycles: false, forcegc: true
[debug]     Load.loadUnit: plugins took 6014.086ms
[debug]     Load.loadUnit: defsScala took 0.0018ms
[debug] [Loading] Scanning directory C:\Users\wwwbl\Desktop\TimeoutAT
[debug]       Load.loadUnit: mkEval took 17.0592ms
[debug] [Loading] Found non-root projects 
[debug] [Loading] Done in C:\Users\wwwbl\Desktop\TimeoutAT, returning: ()
[debug] deducing auto plugins based on known facts Set(Atom(sbt.plugins.CorePlugin)) and clauses Clauses(List(Clause(Atom(sbt.plugins.JvmPlugin),Set(Atom(sbt.plugins.IvyPlugin))), Clause(Atom(sbt.ScriptedPlugin),Set(Atom(sbt.plugins.JvmPlugin))), Clause(Atom(sbt.plugins.SbtPlugin),Set(Atom(sbt.ScriptedPlugin))), Clause(Atom(sbt.plugins.SemanticdbPlugin),Set(Atom(sbt.plugins.JvmPlugin))), Clause(Atom(sbt.plugins.JUnitXmlReportPlugin),Set(Atom(sbt.plugins.JvmPlugin))), Clause(Atom(sbt.plugins.MiniDependencyTreePlugin),Set(Atom(sbt.plugins.JvmPlugin))), Clause(Atom(org.jetbrains.sbt.StructurePlugin),Set(Atom(sbt.plugins.JvmPlugin))), Clause(Atom(org.jetbrains.sbt.IdeaShellPlugin),Set(Atom(sbt.plugins.JvmPlugin))), Clause(Atom(org.jetbrains.sbt.indices.SbtIntellijIndicesPlugin),Set(Atom(sbt.plugins.JvmPlugin))), Clause(Atom(sbt.plugins.CorePlugin),Set(Atom(sbt.plugins.IvyPlugin))), Clause(Atom(sbt.plugins.IvyPlugin),Set(Atom(sbt.plugins.JvmPlugin))), Clause(Atom(sbt.plugins.JvmPlugin),Set(Atom(sbt.plugins.SemanticdbPlugin))), Clause(Atom(sbt.plugins.JvmPlugin),Set(Atom(sbt.plugins.JUnitXmlReportPlugin))), Clause(Atom(sbt.plugins.CorePlugin),Set(Atom(sbt.plugins.Giter8TemplatePlugin))), Clause(Atom(sbt.plugins.JvmPlugin),Set(Atom(sbt.plugins.MiniDependencyTreePlugin))), Clause(Atom(sbt.plugins.JvmPlugin),Set(Atom(org.jetbrains.sbt.StructurePlugin))), Clause(Atom(sbt.plugins.JvmPlugin),Set(Atom(org.jetbrains.sbt.IdeaShellPlugin))), Clause(And(Set(Atom(sbt.plugins.CorePlugin), Atom(sbt.plugins.JvmPlugin))),Set(Atom(org.jetbrains.sbt.indices.SbtIntellijIndicesPlugin)))))
[debug]   :: deduced result: Matched(sbt.plugins.CorePlugin,sbt.plugins.Giter8TemplatePlugin,sbt.plugins.IvyPlugin,sbt.plugins.JvmPlugin,sbt.plugins.SemanticdbPlugin,org.jetbrains.sbt.indices.SbtIntellijIndicesPlugin,sbt.plugins.JUnitXmlReportPlugin,org.jetbrains.sbt.IdeaShellPlugin,org.jetbrains.sbt.StructurePlugin,sbt.plugins.MiniDependencyTreePlugin)
[debug] Plugins.deducer#function took 4.658 ms
[info] loading settings for project timeoutat from build.sbt ...
[debug]         Load.resolveProject(timeoutat) took 69.7662ms
[debug]       Load.loadTransitive: finalizeProject(Project(id timeoutat, base: C:\Users\wwwbl\Desktop\TimeoutAT, plugins: List(<none>))) took 76.6591ms
[debug] [Loading] Done in C:\Users\wwwbl\Desktop\TimeoutAT, returning: (timeoutat)
[debug]     Load.loadUnit: loadedProjectsRaw took 2177.3056ms
[debug]     Load.loadUnit: cleanEvalClasses took 10.9095ms
[debug]   Load.loadUnit(file:/C:/Users/wwwbl/Desktop/TimeoutAT/, ...) took 8203.1115ms
[debug] Load.apply: load took 8205.0876ms
[debug] Load.apply: resolveProjects took 0.1678ms
[debug] Load.apply: finalTransforms took 29.4072ms
[debug] Load.apply: config.delegates took 2.0502ms
[debug] Load.apply: Def.make(settings)... took 103.8437ms
[debug] Load.apply: structureIndex took 38.5777ms
[debug] Load.apply: mkStreams took 0.0021ms
[info] set current project to TimeoutAT (in build file:/C:/Users/wwwbl/Desktop/TimeoutAT/)
[debug] > Exec(sbtPopOnFailure, None, None)
[debug] > Exec(resumeFromFailure, None, None)
[debug] > Exec(notifyUsersAboutShell, None, None)
[debug] > Exec(iflast shell, None, None)
[debug] > Exec(; set ideaPort in Global := 51823 ; idea-shell, None, None)
[debug] > Exec(set ideaPort in Global := 51823, None, None)
[info] Defining Global / ideaPort
[info] The new value will be used by Compile / compile, Test / compile
[debug] Defining 
[debug] 	Global / ideaPort
[debug] 
[debug] The new value will be used by 
[debug] 	Compile / compile
[debug] 	Test / compile
[info] Reapplying settings...
[info] set current project to TimeoutAT (in build file:/C:/Users/wwwbl/Desktop/TimeoutAT/)
[debug] > Exec(idea-shell, None, None)
